  [1m[36m (1.4ms)[0m  [1mCREATE TABLE "schema_migrations" ("version" varchar NOT NULL) [0m
  [1m[35m (0.4ms)[0m  select sqlite_version(*)
  [1m[36m (1.3ms)[0m  [1mCREATE UNIQUE INDEX "unique_schema_migrations" ON "schema_migrations" ("version")[0m
  [1m[35mActiveRecord::SchemaMigration Load (0.1ms)[0m  SELECT "schema_migrations".* FROM "schema_migrations"
Migrating to DeviseCreateUsers (20180112193143)
  [1m[36m (0.0ms)[0m  [1mbegin transaction[0m
  [1m[35m (0.4ms)[0m  CREATE TABLE "users" ("id" INTEGER PRIMARY KEY AUTOINCREMENT NOT NULL, "email" varchar DEFAULT '' NOT NULL, "encrypted_password" varchar DEFAULT '' NOT NULL, "reset_password_token" varchar, "reset_password_sent_at" datetime, "remember_created_at" datetime, "sign_in_count" integer DEFAULT 0 NOT NULL, "current_sign_in_at" datetime, "last_sign_in_at" datetime, "current_sign_in_ip" varchar, "last_sign_in_ip" varchar, "confirmation_token" varchar, "confirmed_at" datetime, "confirmation_sent_at" datetime, "unconfirmed_email" varchar, "created_at" datetime NOT NULL, "updated_at" datetime NOT NULL) 
  [1m[36m (0.1ms)[0m  [1mCREATE UNIQUE INDEX "index_users_on_email" ON "users" ("email")[0m
  [1m[35m (0.1ms)[0m              SELECT sql
            FROM sqlite_master
            WHERE name='index_users_on_email' AND type='index'
            UNION ALL
            SELECT sql
            FROM sqlite_temp_master
            WHERE name='index_users_on_email' AND type='index'

  [1m[36m (0.1ms)[0m  [1mCREATE UNIQUE INDEX "index_users_on_reset_password_token" ON "users" ("reset_password_token")[0m
  [1m[35m (0.0ms)[0m              SELECT sql
            FROM sqlite_master
            WHERE name='index_users_on_reset_password_token' AND type='index'
            UNION ALL
            SELECT sql
            FROM sqlite_temp_master
            WHERE name='index_users_on_reset_password_token' AND type='index'

  [1m[36m (0.1ms)[0m  [1m            SELECT sql
            FROM sqlite_master
            WHERE name='index_users_on_email' AND type='index'
            UNION ALL
            SELECT sql
            FROM sqlite_temp_master
            WHERE name='index_users_on_email' AND type='index'
[0m
  [1m[35m (0.1ms)[0m  CREATE UNIQUE INDEX "index_users_on_confirmation_token" ON "users" ("confirmation_token")
  [1m[36mSQL (0.2ms)[0m  [1mINSERT INTO "schema_migrations" ("version") VALUES (?)[0m  [["version", "20180112193143"]]
  [1m[35m (1.3ms)[0m  commit transaction
  [1m[36mActiveRecord::SchemaMigration Load (0.1ms)[0m  [1mSELECT "schema_migrations".* FROM "schema_migrations"[0m
  [1m[35m (0.1ms)[0m              SELECT sql
            FROM sqlite_master
            WHERE name='index_users_on_confirmation_token' AND type='index'
            UNION ALL
            SELECT sql
            FROM sqlite_temp_master
            WHERE name='index_users_on_confirmation_token' AND type='index'

  [1m[36m (0.1ms)[0m  [1m            SELECT sql
            FROM sqlite_master
            WHERE name='index_users_on_reset_password_token' AND type='index'
            UNION ALL
            SELECT sql
            FROM sqlite_temp_master
            WHERE name='index_users_on_reset_password_token' AND type='index'
[0m
  [1m[35m (0.1ms)[0m              SELECT sql
            FROM sqlite_master
            WHERE name='index_users_on_email' AND type='index'
            UNION ALL
            SELECT sql
            FROM sqlite_temp_master
            WHERE name='index_users_on_email' AND type='index'

DEPRECATION WARNING: Defining a route where `to` is a controller without an action is deprecated. Please change `to: 'welcome/index'` to `controller: 'welcome/index'`. (called from block in <top (required)> at /Users/scottl95/Code/gradeassist2/config/routes.rb:10)
DEPRECATION WARNING: Defining a route where `to` is a controller without an action is deprecated. Please change `to: 'welcome/index'` to `controller: 'welcome/index'`. (called from block in <top (required)> at /Users/scottl95/Code/gradeassist2/config/routes.rb:10)
DEPRECATION WARNING: Defining a route where `to` is a controller without an action is deprecated. Please change `to: 'welcome/index'` to `controller: 'welcome/index'`. (called from block in <top (required)> at /Users/scottl95/Code/gradeassist2/config/routes.rb:10)
  [1m[36mActiveRecord::SchemaMigration Load (0.5ms)[0m  [1mSELECT "schema_migrations".* FROM "schema_migrations"[0m
Migrating to AddUsernameToUsers (20180112221501)
  [1m[35m (0.1ms)[0m  begin transaction
  [1m[36m (0.9ms)[0m  [1mALTER TABLE "users" ADD "username" varchar[0m
  [1m[35mSQL (0.2ms)[0m  INSERT INTO "schema_migrations" ("version") VALUES (?)  [["version", "20180112221501"]]
  [1m[36m (1.0ms)[0m  [1mcommit transaction[0m
  [1m[35mActiveRecord::SchemaMigration Load (0.1ms)[0m  SELECT "schema_migrations".* FROM "schema_migrations"
  [1m[36m (0.1ms)[0m  [1m            SELECT sql
            FROM sqlite_master
            WHERE name='index_users_on_confirmation_token' AND type='index'
            UNION ALL
            SELECT sql
            FROM sqlite_temp_master
            WHERE name='index_users_on_confirmation_token' AND type='index'
[0m
  [1m[35m (0.1ms)[0m              SELECT sql
            FROM sqlite_master
            WHERE name='index_users_on_reset_password_token' AND type='index'
            UNION ALL
            SELECT sql
            FROM sqlite_temp_master
            WHERE name='index_users_on_reset_password_token' AND type='index'

  [1m[36m (0.1ms)[0m  [1m            SELECT sql
            FROM sqlite_master
            WHERE name='index_users_on_email' AND type='index'
            UNION ALL
            SELECT sql
            FROM sqlite_temp_master
            WHERE name='index_users_on_email' AND type='index'
[0m


Started GET "/" for ::1 at 2018-01-12 17:22:30 -0500
  [1m[36mActiveRecord::SchemaMigration Load (0.1ms)[0m  [1mSELECT "schema_migrations".* FROM "schema_migrations"[0m
Processing by WelcomeController#index as HTML
  Rendered welcome/index.html.erb within layouts/application (2.1ms)
Completed 200 OK in 4074ms (Views: 4064.7ms | ActiveRecord: 0.0ms)


Started GET "/assets/application.self-05ac0fe56915d6491156fa43e39236faa7508939bb0d48794f7c043fba62c675.css?body=1" for ::1 at 2018-01-12 17:22:34 -0500


Started GET "/assets/turbolinks.self-2db6ec539b9190f75e1d477b305df53d12904d5cafdd47c7ffd91ba25cbec128.js?body=1" for ::1 at 2018-01-12 17:22:34 -0500


Started GET "/assets/registrations.self-877aef30ae1b040ab8a3aba4e3e309a11d7f2612f44dde450b5c157aa5f95c05.js?body=1" for ::1 at 2018-01-12 17:22:34 -0500


Started GET "/assets/application.self-f8806224e027f3e3f0138ea9ce99319e298dfdb323304d1f1be6eae8e8c74724.js?body=1" for ::1 at 2018-01-12 17:22:34 -0500


Started GET "/assets/registrations.self-e3b0c44298fc1c149afbf4c8996fb92427ae41e4649b934ca495991b7852b855.css?body=1" for ::1 at 2018-01-12 17:22:34 -0500


Started GET "/" for ::1 at 2018-01-12 17:22:42 -0500
Processing by WelcomeController#index as HTML
  Rendered welcome/index.html.erb within layouts/application (0.1ms)
Completed 200 OK in 37ms (Views: 36.1ms | ActiveRecord: 0.0ms)


Started GET "/about" for ::1 at 2018-01-12 17:22:44 -0500

ActionController::RoutingError (uninitialized constant Welcome):
  activesupport (4.2.9) lib/active_support/inflector/methods.rb:261:in `const_get'
  activesupport (4.2.9) lib/active_support/inflector/methods.rb:261:in `block in constantize'
  activesupport (4.2.9) lib/active_support/inflector/methods.rb:259:in `each'
  activesupport (4.2.9) lib/active_support/inflector/methods.rb:259:in `inject'
  activesupport (4.2.9) lib/active_support/inflector/methods.rb:259:in `constantize'
  actionpack (4.2.9) lib/action_dispatch/routing/route_set.rb:70:in `controller_reference'
  actionpack (4.2.9) lib/action_dispatch/routing/route_set.rb:60:in `controller'
  actionpack (4.2.9) lib/action_dispatch/routing/route_set.rb:39:in `serve'
  actionpack (4.2.9) lib/action_dispatch/journey/router.rb:43:in `block in serve'
  actionpack (4.2.9) lib/action_dispatch/journey/router.rb:30:in `each'
  actionpack (4.2.9) lib/action_dispatch/journey/router.rb:30:in `serve'
  actionpack (4.2.9) lib/action_dispatch/routing/route_set.rb:817:in `call'
  warden (1.2.7) lib/warden/manager.rb:36:in `block in call'
  warden (1.2.7) lib/warden/manager.rb:35:in `catch'
  warden (1.2.7) lib/warden/manager.rb:35:in `call'
  rack (1.6.8) lib/rack/etag.rb:24:in `call'
  rack (1.6.8) lib/rack/conditionalget.rb:25:in `call'
  rack (1.6.8) lib/rack/head.rb:13:in `call'
  actionpack (4.2.9) lib/action_dispatch/middleware/params_parser.rb:27:in `call'
  actionpack (4.2.9) lib/action_dispatch/middleware/flash.rb:260:in `call'
  rack (1.6.8) lib/rack/session/abstract/id.rb:225:in `context'
  rack (1.6.8) lib/rack/session/abstract/id.rb:220:in `call'
  actionpack (4.2.9) lib/action_dispatch/middleware/cookies.rb:560:in `call'
  activerecord (4.2.9) lib/active_record/query_cache.rb:36:in `call'
  activerecord (4.2.9) lib/active_record/connection_adapters/abstract/connection_pool.rb:653:in `call'
  activerecord (4.2.9) lib/active_record/migration.rb:377:in `call'
  actionpack (4.2.9) lib/action_dispatch/middleware/callbacks.rb:29:in `block in call'
  activesupport (4.2.9) lib/active_support/callbacks.rb:88:in `__run_callbacks__'
  activesupport (4.2.9) lib/active_support/callbacks.rb:778:in `_run_call_callbacks'
  activesupport (4.2.9) lib/active_support/callbacks.rb:81:in `run_callbacks'
  actionpack (4.2.9) lib/action_dispatch/middleware/callbacks.rb:27:in `call'
  actionpack (4.2.9) lib/action_dispatch/middleware/reloader.rb:73:in `call'
  actionpack (4.2.9) lib/action_dispatch/middleware/remote_ip.rb:78:in `call'
  actionpack (4.2.9) lib/action_dispatch/middleware/debug_exceptions.rb:17:in `call'
  web-console (2.3.0) lib/web_console/middleware.rb:28:in `block in call'
  web-console (2.3.0) lib/web_console/middleware.rb:18:in `catch'
  web-console (2.3.0) lib/web_console/middleware.rb:18:in `call'
  actionpack (4.2.9) lib/action_dispatch/middleware/show_exceptions.rb:30:in `call'
  railties (4.2.9) lib/rails/rack/logger.rb:38:in `call_app'
  railties (4.2.9) lib/rails/rack/logger.rb:20:in `block in call'
  activesupport (4.2.9) lib/active_support/tagged_logging.rb:68:in `block in tagged'
  activesupport (4.2.9) lib/active_support/tagged_logging.rb:26:in `tagged'
  activesupport (4.2.9) lib/active_support/tagged_logging.rb:68:in `tagged'
  railties (4.2.9) lib/rails/rack/logger.rb:20:in `call'
  actionpack (4.2.9) lib/action_dispatch/middleware/request_id.rb:21:in `call'
  rack (1.6.8) lib/rack/methodoverride.rb:22:in `call'
  rack (1.6.8) lib/rack/runtime.rb:18:in `call'
  activesupport (4.2.9) lib/active_support/cache/strategy/local_cache_middleware.rb:28:in `call'
  rack (1.6.8) lib/rack/lock.rb:17:in `call'
  actionpack (4.2.9) lib/action_dispatch/middleware/static.rb:120:in `call'
  rack (1.6.8) lib/rack/sendfile.rb:113:in `call'
  railties (4.2.9) lib/rails/engine.rb:518:in `call'
  railties (4.2.9) lib/rails/application.rb:165:in `call'
  rack (1.6.8) lib/rack/lock.rb:17:in `call'
  rack (1.6.8) lib/rack/content_length.rb:15:in `call'
  rack (1.6.8) lib/rack/handler/webrick.rb:88:in `service'
  /Users/scottl95/.rbenv/versions/2.4.1/lib/ruby/2.4.0/webrick/httpserver.rb:140:in `service'
  /Users/scottl95/.rbenv/versions/2.4.1/lib/ruby/2.4.0/webrick/httpserver.rb:96:in `run'
  /Users/scottl95/.rbenv/versions/2.4.1/lib/ruby/2.4.0/webrick/server.rb:290:in `block in start_thread'


  Rendered /Users/scottl95/.rbenv/versions/2.4.1/lib/ruby/gems/2.4.0/gems/actionpack-4.2.9/lib/action_dispatch/middleware/templates/rescues/_trace.html.erb (1.3ms)
  Rendered /Users/scottl95/.rbenv/versions/2.4.1/lib/ruby/gems/2.4.0/gems/actionpack-4.2.9/lib/action_dispatch/middleware/templates/routes/_route.html.erb (0.8ms)
  Rendered /Users/scottl95/.rbenv/versions/2.4.1/lib/ruby/gems/2.4.0/gems/actionpack-4.2.9/lib/action_dispatch/middleware/templates/routes/_table.html.erb (11.4ms)
  Rendered /Users/scottl95/.rbenv/versions/2.4.1/lib/ruby/gems/2.4.0/gems/actionpack-4.2.9/lib/action_dispatch/middleware/templates/rescues/_request_and_response.html.erb (1.0ms)
  Rendered /Users/scottl95/.rbenv/versions/2.4.1/lib/ruby/gems/2.4.0/gems/actionpack-4.2.9/lib/action_dispatch/middleware/templates/rescues/routing_error.html.erb within rescues/layout (128.1ms)
  Rendered /Users/scottl95/.rbenv/versions/2.4.1/lib/ruby/gems/2.4.0/gems/web-console-2.3.0/lib/web_console/templates/_markup.html.erb (0.3ms)
  Rendered /Users/scottl95/.rbenv/versions/2.4.1/lib/ruby/gems/2.4.0/gems/web-console-2.3.0/lib/web_console/templates/_inner_console_markup.html.erb within layouts/inlined_string (0.3ms)
  Rendered /Users/scottl95/.rbenv/versions/2.4.1/lib/ruby/gems/2.4.0/gems/web-console-2.3.0/lib/web_console/templates/_prompt_box_markup.html.erb within layouts/inlined_string (0.2ms)
  Rendered /Users/scottl95/.rbenv/versions/2.4.1/lib/ruby/gems/2.4.0/gems/web-console-2.3.0/lib/web_console/templates/style.css.erb within layouts/inlined_string (0.3ms)
  Rendered /Users/scottl95/.rbenv/versions/2.4.1/lib/ruby/gems/2.4.0/gems/web-console-2.3.0/lib/web_console/templates/console.js.erb within layouts/javascript (607.3ms)
  Rendered /Users/scottl95/.rbenv/versions/2.4.1/lib/ruby/gems/2.4.0/gems/web-console-2.3.0/lib/web_console/templates/main.js.erb within layouts/javascript (0.3ms)
  Rendered /Users/scottl95/.rbenv/versions/2.4.1/lib/ruby/gems/2.4.0/gems/web-console-2.3.0/lib/web_console/templates/error_page.js.erb within layouts/javascript (0.7ms)
  Rendered /Users/scottl95/.rbenv/versions/2.4.1/lib/ruby/gems/2.4.0/gems/web-console-2.3.0/lib/web_console/templates/index.html.erb (716.1ms)


Started GET "/about" for ::1 at 2018-01-12 17:23:10 -0500

ArgumentError (Missing :controller key on routes definition, please check your routes.):
  config/routes.rb:6:in `block in <top (required)>'
  config/routes.rb:1:in `<top (required)>'


  Rendered /Users/scottl95/.rbenv/versions/2.4.1/lib/ruby/gems/2.4.0/gems/actionpack-4.2.9/lib/action_dispatch/middleware/templates/rescues/_source.erb (4.0ms)
  Rendered /Users/scottl95/.rbenv/versions/2.4.1/lib/ruby/gems/2.4.0/gems/actionpack-4.2.9/lib/action_dispatch/middleware/templates/rescues/_trace.html.erb (1.6ms)
  Rendered /Users/scottl95/.rbenv/versions/2.4.1/lib/ruby/gems/2.4.0/gems/actionpack-4.2.9/lib/action_dispatch/middleware/templates/rescues/_request_and_response.html.erb (0.7ms)
  Rendered /Users/scottl95/.rbenv/versions/2.4.1/lib/ruby/gems/2.4.0/gems/actionpack-4.2.9/lib/action_dispatch/middleware/templates/rescues/diagnostics.html.erb within rescues/layout (86.6ms)
  Rendered /Users/scottl95/.rbenv/versions/2.4.1/lib/ruby/gems/2.4.0/gems/web-console-2.3.0/lib/web_console/templates/_markup.html.erb (0.3ms)
  Rendered /Users/scottl95/.rbenv/versions/2.4.1/lib/ruby/gems/2.4.0/gems/web-console-2.3.0/lib/web_console/templates/_inner_console_markup.html.erb within layouts/inlined_string (0.2ms)
  Rendered /Users/scottl95/.rbenv/versions/2.4.1/lib/ruby/gems/2.4.0/gems/web-console-2.3.0/lib/web_console/templates/_prompt_box_markup.html.erb within layouts/inlined_string (0.2ms)
  Rendered /Users/scottl95/.rbenv/versions/2.4.1/lib/ruby/gems/2.4.0/gems/web-console-2.3.0/lib/web_console/templates/style.css.erb within layouts/inlined_string (0.2ms)
  Rendered /Users/scottl95/.rbenv/versions/2.4.1/lib/ruby/gems/2.4.0/gems/web-console-2.3.0/lib/web_console/templates/console.js.erb within layouts/javascript (72.4ms)
  Rendered /Users/scottl95/.rbenv/versions/2.4.1/lib/ruby/gems/2.4.0/gems/web-console-2.3.0/lib/web_console/templates/main.js.erb within layouts/javascript (0.2ms)
  Rendered /Users/scottl95/.rbenv/versions/2.4.1/lib/ruby/gems/2.4.0/gems/web-console-2.3.0/lib/web_console/templates/error_page.js.erb within layouts/javascript (0.3ms)
  Rendered /Users/scottl95/.rbenv/versions/2.4.1/lib/ruby/gems/2.4.0/gems/web-console-2.3.0/lib/web_console/templates/index.html.erb (163.5ms)


Started GET "/about" for ::1 at 2018-01-12 17:23:26 -0500
Processing by WelcomeController#about as HTML
  Rendered welcome/about.html.erb within layouts/application (0.3ms)
Completed 200 OK in 34ms (Views: 33.2ms | ActiveRecord: 0.0ms)


Started GET "/" for ::1 at 2018-01-12 17:23:29 -0500
Processing by WelcomeController#index as HTML
  Rendered welcome/index.html.erb within layouts/application (0.1ms)
Completed 200 OK in 32ms (Views: 31.8ms | ActiveRecord: 0.0ms)


Started GET "/" for ::1 at 2018-01-12 17:24:09 -0500
  [1m[36mActiveRecord::SchemaMigration Load (0.1ms)[0m  [1mSELECT "schema_migrations".* FROM "schema_migrations"[0m
Processing by WelcomeController#index as HTML
  Rendered welcome/index.html.erb within layouts/application (2.7ms)
Completed 200 OK in 277ms (Views: 265.0ms | ActiveRecord: 0.0ms)


Started GET "/users/sign_in" for ::1 at 2018-01-12 17:24:14 -0500
Processing by Devise::SessionsController#new as HTML
  Rendered /Users/scottl95/.rbenv/versions/2.4.1/lib/ruby/gems/2.4.0/gems/devise-4.4.0/app/views/devise/shared/_links.html.erb (1.6ms)
  Rendered /Users/scottl95/.rbenv/versions/2.4.1/lib/ruby/gems/2.4.0/gems/devise-4.4.0/app/views/devise/sessions/new.html.erb within layouts/application (527.1ms)
Completed 200 OK in 584ms (Views: 572.1ms | ActiveRecord: 0.3ms)
